2018-07-13 19:16:20,806 0      [           main] DEBUG ache.ibatis.logging.LogFactory  - Logging initialized using 'class org.apache.ibatis.logging.log4j.Log4jImpl' adapter.
2018-07-13 19:16:20,952 146    [           main] DEBUG source.pooled.PooledDataSource  - PooledDataSource forcefully closed/removed all connections.
2018-07-13 19:16:20,952 146    [           main] DEBUG source.pooled.PooledDataSource  - PooledDataSource forcefully closed/removed all connections.
2018-07-13 19:16:20,952 146    [           main] DEBUG source.pooled.PooledDataSource  - PooledDataSource forcefully closed/removed all connections.
2018-07-13 19:16:20,952 146    [           main] DEBUG source.pooled.PooledDataSource  - PooledDataSource forcefully closed/removed all connections.
2018-07-13 19:16:21,023 217    [           main] DEBUG ansaction.jdbc.JdbcTransaction  - Opening JDBC Connection
2018-07-13 19:16:21,264 458    [           main] DEBUG source.pooled.PooledDataSource  - Created connection 1776957250.
2018-07-13 19:16:21,264 458    [           main] DEBUG ansaction.jdbc.JdbcTransaction  - Setting autocommit to false on JDBC Connection [com.mysql.jdbc.JDBC4Connection@69ea3742]
2018-07-13 19:16:21,267 461    [           main] DEBUG m.itheima.dao.IUserDao.findAll  - ==>  Preparing: select * from user 
2018-07-13 19:16:21,301 495    [           main] DEBUG m.itheima.dao.IUserDao.findAll  - ==> Parameters: 
2018-07-13 19:16:21,331 525    [           main] DEBUG m.itheima.dao.IUserDao.findAll  - <==      Total: 6
2018-07-13 19:16:21,332 526    [           main] DEBUG ansaction.jdbc.JdbcTransaction  - Resetting autocommit to true on JDBC Connection [com.mysql.jdbc.JDBC4Connection@69ea3742]
2018-07-13 19:16:21,332 526    [           main] DEBUG ansaction.jdbc.JdbcTransaction  - Closing JDBC Connection [com.mysql.jdbc.JDBC4Connection@69ea3742]
2018-07-13 19:16:21,332 526    [           main] DEBUG source.pooled.PooledDataSource  - Returned connection 1776957250 to pool.
2020-11-19 20:28:28,413 0      [           main] DEBUG ache.ibatis.logging.LogFactory  - Logging initialized using 'class org.apache.ibatis.logging.log4j.Log4jImpl' adapter.
2020-11-19 20:28:28,578 165    [           main] DEBUG source.pooled.PooledDataSource  - PooledDataSource forcefully closed/removed all connections.
2020-11-19 20:28:28,578 165    [           main] DEBUG source.pooled.PooledDataSource  - PooledDataSource forcefully closed/removed all connections.
2020-11-19 20:28:28,579 166    [           main] DEBUG source.pooled.PooledDataSource  - PooledDataSource forcefully closed/removed all connections.
2020-11-19 20:28:28,579 166    [           main] DEBUG source.pooled.PooledDataSource  - PooledDataSource forcefully closed/removed all connections.
2020-11-19 20:29:09,999 0      [           main] DEBUG ache.ibatis.logging.LogFactory  - Logging initialized using 'class org.apache.ibatis.logging.log4j.Log4jImpl' adapter.
2020-11-19 20:29:10,127 128    [           main] DEBUG source.pooled.PooledDataSource  - PooledDataSource forcefully closed/removed all connections.
2020-11-19 20:29:10,127 128    [           main] DEBUG source.pooled.PooledDataSource  - PooledDataSource forcefully closed/removed all connections.
2020-11-19 20:29:10,127 128    [           main] DEBUG source.pooled.PooledDataSource  - PooledDataSource forcefully closed/removed all connections.
2020-11-19 20:29:10,127 128    [           main] DEBUG source.pooled.PooledDataSource  - PooledDataSource forcefully closed/removed all connections.
2020-11-19 20:29:54,730 0      [           main] DEBUG ache.ibatis.logging.LogFactory  - Logging initialized using 'class org.apache.ibatis.logging.log4j.Log4jImpl' adapter.
2020-11-19 20:29:54,907 177    [           main] DEBUG source.pooled.PooledDataSource  - PooledDataSource forcefully closed/removed all connections.
2020-11-19 20:29:54,908 178    [           main] DEBUG source.pooled.PooledDataSource  - PooledDataSource forcefully closed/removed all connections.
2020-11-19 20:29:54,908 178    [           main] DEBUG source.pooled.PooledDataSource  - PooledDataSource forcefully closed/removed all connections.
2020-11-19 20:29:54,908 178    [           main] DEBUG source.pooled.PooledDataSource  - PooledDataSource forcefully closed/removed all connections.
2020-11-19 20:30:48,692 0      [           main] DEBUG ache.ibatis.logging.LogFactory  - Logging initialized using 'class org.apache.ibatis.logging.log4j.Log4jImpl' adapter.
2020-11-19 20:30:48,860 168    [           main] DEBUG source.pooled.PooledDataSource  - PooledDataSource forcefully closed/removed all connections.
2020-11-19 20:30:48,860 168    [           main] DEBUG source.pooled.PooledDataSource  - PooledDataSource forcefully closed/removed all connections.
2020-11-19 20:30:48,860 168    [           main] DEBUG source.pooled.PooledDataSource  - PooledDataSource forcefully closed/removed all connections.
2020-11-19 20:30:48,861 169    [           main] DEBUG source.pooled.PooledDataSource  - PooledDataSource forcefully closed/removed all connections.
2020-11-19 20:30:48,958 266    [           main] DEBUG ansaction.jdbc.JdbcTransaction  - Opening JDBC Connection
2020-11-19 20:30:49,534 842    [           main] DEBUG source.pooled.PooledDataSource  - Created connection 144040807.
2020-11-19 20:30:49,534 842    [           main] DEBUG ansaction.jdbc.JdbcTransaction  - Setting autocommit to false on JDBC Connection [com.mysql.cj.jdbc.ConnectionImpl@895e367]
2020-11-19 20:30:49,538 846    [           main] DEBUG m.itheima.dao.IUserDao.findAll  - ==>  Preparing: select * from user 
2020-11-19 20:30:49,593 901    [           main] DEBUG m.itheima.dao.IUserDao.findAll  - ==> Parameters: 
2020-11-19 20:30:49,643 951    [           main] DEBUG m.itheima.dao.IUserDao.findAll  - <==      Total: 7
2020-11-19 20:30:49,645 953    [           main] DEBUG ansaction.jdbc.JdbcTransaction  - Resetting autocommit to true on JDBC Connection [com.mysql.cj.jdbc.ConnectionImpl@895e367]
2020-11-19 20:30:49,645 953    [           main] DEBUG ansaction.jdbc.JdbcTransaction  - Closing JDBC Connection [com.mysql.cj.jdbc.ConnectionImpl@895e367]
2020-11-19 20:30:49,645 953    [           main] DEBUG source.pooled.PooledDataSource  - Returned connection 144040807 to pool.
2020-11-19 20:34:31,334 0      [           main] DEBUG ache.ibatis.logging.LogFactory  - Logging initialized using 'class org.apache.ibatis.logging.log4j.Log4jImpl' adapter.
2020-11-19 20:34:31,512 178    [           main] DEBUG source.pooled.PooledDataSource  - PooledDataSource forcefully closed/removed all connections.
2020-11-19 20:34:31,512 178    [           main] DEBUG source.pooled.PooledDataSource  - PooledDataSource forcefully closed/removed all connections.
2020-11-19 20:34:31,513 179    [           main] DEBUG source.pooled.PooledDataSource  - PooledDataSource forcefully closed/removed all connections.
2020-11-19 20:34:31,513 179    [           main] DEBUG source.pooled.PooledDataSource  - PooledDataSource forcefully closed/removed all connections.
2020-11-19 20:34:31,643 309    [           main] DEBUG ansaction.jdbc.JdbcTransaction  - Opening JDBC Connection
2020-11-19 20:34:32,446 1112   [           main] DEBUG source.pooled.PooledDataSource  - Created connection 144040807.
2020-11-19 20:34:32,447 1113   [           main] DEBUG ansaction.jdbc.JdbcTransaction  - Setting autocommit to false on JDBC Connection [com.mysql.cj.jdbc.ConnectionImpl@895e367]
2020-11-19 20:34:32,451 1117   [           main] DEBUG m.itheima.dao.IUserDao.findAll  - ==>  Preparing: select * from user 
2020-11-19 20:34:32,556 1222   [           main] DEBUG m.itheima.dao.IUserDao.findAll  - ==> Parameters: 
2020-11-19 20:34:32,620 1286   [           main] DEBUG m.itheima.dao.IUserDao.findAll  - <==      Total: 7
2020-11-19 20:34:32,624 1290   [           main] DEBUG ansaction.jdbc.JdbcTransaction  - Resetting autocommit to true on JDBC Connection [com.mysql.cj.jdbc.ConnectionImpl@895e367]
2020-11-19 20:34:32,625 1291   [           main] DEBUG ansaction.jdbc.JdbcTransaction  - Closing JDBC Connection [com.mysql.cj.jdbc.ConnectionImpl@895e367]
2020-11-19 20:34:32,626 1292   [           main] DEBUG source.pooled.PooledDataSource  - Returned connection 144040807 to pool.
